<?xml version='1.0' encoding='UTF-8'?>
<testsuite hostname="kube" name="Test1" tests="18" errors="0" failures="0" skipped="0" time="0.014">
                     <properties>
[...]
</properties>
                     <testcase classname="Test1" name="t1" time="0.005">
                                                 
                                               </testcase><testcase classname="Test1" name="t2" time="0.0">
                                                 
                                               </testcase><testcase classname="Test1" name="t3" time="0.0">
                                                 
                                               </testcase><testcase classname="Test1" name="t4" time="0.001">
                                                 
                                               </testcase><testcase classname="Test1" name="t5" time="0.001">
                                                 
                                               </testcase><testcase classname="Test1" name="t6" time="0.0">
                                                 
                                               </testcase><testcase classname="Test1" name="t7" time="0.0">
                                                 
                                               </testcase><testcase classname="Test1" name="t8" time="0.001">
                                                 
                                               </testcase><testcase classname="Test1" name="t9" time="0.001">
                                                 
                                               </testcase><testcase classname="Test1" name="t10" time="0.001">
                                                 
                                               </testcase><testcase classname="Test1" name="t11" time="0.001">
                                                 
                                               </testcase><testcase classname="Test1" name="t12" time="0.0">
                                                 
                                               </testcase><testcase classname="Test1" name="t13" time="0.0">
                                                 
                                               </testcase><testcase classname="Test1" name="t14" time="0.0">
                                                 
                                               </testcase><testcase classname="Test1" name="t15" time="0.001">
                                                 
                                               </testcase><testcase classname="Test1" name="t16" time="0.002">
                                                 
                                               </testcase><testcase classname="Test1" name="t17" time="0.0">
                                                 
                                               </testcase><testcase classname="Test1" name="t18" time="0.0">
                                                 
                                               </testcase>
                     <system-out></system-out>
                     <system-err></system-err>
                   </testsuite>